<?xml version="1.0" encoding="UTF-8"?>
<!-- Generated by org.testng.reporters.JUnitReportReporter -->
<testsuite hostname="LAPTOP-Q6ISP3ON" failures="0" tests="3" name="TestNgRevision.Test1" time="0.008" errors="0" timestamp="2022-11-27T15:34:36 CST" skipped="0">
  <testcase classname="TestNgRevision.Test1" name="LogOut" time="0.001"/>
  <system-out/>
  <testcase classname="TestNgRevision.Test1" name="Login" time="0.001"/>
  <system-out/>
  <testcase classname="TestNgRevision.Test1" name="HomePage" time="0.006"/>
  <system-out/>
</testsuite> <!-- TestNgRevision.Test1 -->
