<?xml version="1.0" encoding="UTF-8"?>
<!-- Generated by org.testng.reporters.JUnitReportReporter -->
<testsuite hostname="LAPTOP-Q6ISP3ON" failures="0" tests="2" name="TestNg1.TestNg4" time="9.068" errors="0" timestamp="2022-12-12T11:34:45 CST" skipped="0">
  <testcase classname="TestNg1.TestNg4" name="LoginTitle" time="4.957"/>
  <system-out/>
  <testcase classname="TestNg1.TestNg4" name="ValidatePageHeader" time="4.111"/>
  <system-out/>
</testsuite> <!-- TestNg1.TestNg4 -->
