<?xml version="1.0" encoding="UTF-8"?>
<!-- Generated by org.testng.reporters.JUnitReportReporter -->
<testsuite hostname="LAPTOP-Q6ISP3ON" failures="0" tests="3" name="TestNgRevision.TestNgPractices1" time="0.008" errors="0" timestamp="2022-12-12T11:42:56 CST" skipped="0">
  <testcase classname="TestNgRevision.TestNgPractices1" name="Login" time="0.005"/>
  <system-out/>
  <testcase classname="TestNgRevision.TestNgPractices1" name="Homepage" time="0.002"/>
  <system-out/>
  <testcase classname="TestNgRevision.TestNgPractices1" name="Logout" time="0.001"/>
  <system-out/>
</testsuite> <!-- TestNgRevision.TestNgPractices1 -->
