<?xml version="1.0" encoding="UTF-8"?>
<!-- Generated by org.testng.reporters.JUnitReportReporter -->
<testsuite hostname="LAPTOP-Q6ISP3ON" failures="0" tests="7" name="NaveenTestNGClass.GoogleTest" time="28.117" errors="0" timestamp="2022-12-13T13:27:15 CST" skipped="0">
  <testcase classname="NaveenTestNGClass.GoogleTest" name="homePage" time="5.622"/>
  <system-out/>
  <testcase classname="NaveenTestNGClass.GoogleTest" name="googleTitleTest" time="4.289"/>
  <system-out/>
  <testcase classname="NaveenTestNGClass.GoogleTest" name="googleLogoTest" time="5.147"/>
  <system-out/>
  <testcase classname="NaveenTestNGClass.GoogleTest" name="gmailLinkTest" time="3.466"/>
  <system-out/>
  <testcase classname="NaveenTestNGClass.GoogleTest" name="test1" time="3.050"/>
  <system-out/>
  <testcase classname="NaveenTestNGClass.GoogleTest" name="test2" time="3.164"/>
  <system-out/>
  <testcase classname="NaveenTestNGClass.GoogleTest" name="test3" time="3.379"/>
  <system-out/>
</testsuite> <!-- NaveenTestNGClass.GoogleTest -->
