<?xml version="1.0" encoding="UTF-8"?>
<!-- Generated by org.testng.reporters.JUnitReportReporter -->
<testsuite hostname="LAPTOP-Q6ISP3ON" failures="0" tests="4" name="TestNg.TestNgDataProvider" time="0.028" errors="0" timestamp="2022-12-22T12:23:31 CST" skipped="0">
  <testcase classname="TestNg.TestNgDataProvider" name="Login" time="0.019"/>
  <system-out/>
  <testcase classname="TestNg.TestNgDataProvider" name="Login" time="0.003"/>
  <system-out/>
  <testcase classname="TestNg.TestNgDataProvider" name="Login" time="0.003"/>
  <system-out/>
  <testcase classname="TestNg.TestNgDataProvider" name="Login" time="0.003"/>
  <system-out/>
</testsuite> <!-- TestNg.TestNgDataProvider -->
