<?xml version="1.0" encoding="UTF-8"?>
<!-- Generated by org.testng.reporters.JUnitReportReporter -->
<testsuite hostname="LAPTOP-Q6ISP3ON" failures="0" tests="3" name="TestNg.TestNgSkipTest" time="0.011" errors="0" timestamp="2022-11-28T18:25:40 CST" skipped="2">
  <testcase classname="TestNg.TestNgSkipTest" name="testCase2" time="0.008"/>
  <system-out/>
  <testcase classname="TestNg.TestNgSkipTest" name="testCase3" time="0.003">
    <skipped/>
  </testcase> <!-- testCase3 -->
  <system-out/>
  <testcase classname="TestNg.TestNgSkipTest" name="testCase1">
    <skipped/>
  </testcase> <!-- testCase1 -->
  <system-out/>
</testsuite> <!-- TestNg.TestNgSkipTest -->
