<?xml version="1.0" encoding="UTF-8"?>
<!-- Generated by org.testng.reporters.JUnitReportReporter -->
<testsuite hostname="LAPTOP-Q6ISP3ON" failures="0" tests="2" name="TestNg.TestNgDay2" time="0.016" errors="0" timestamp="2022-11-18T17:11:31 CST" skipped="0">
  <testcase classname="TestNg.TestNgDay2" name="Test1" time="0.013"/>
  <system-out/>
  <testcase classname="TestNg.TestNgDay2" name="Test2" time="0.003"/>
  <system-out/>
</testsuite> <!-- TestNg.TestNgDay2 -->
