<?xml version="1.0" encoding="UTF-8"?>
<!-- Generated by org.testng.reporters.JUnitReportReporter -->
<testsuite hostname="LAPTOP-Q6ISP3ON" failures="0" tests="3" name="NaveenTestNGClass.TestNGBasics" time="0.012" errors="0" timestamp="2022-12-13T13:27:15 CST" skipped="0">
  <testcase classname="NaveenTestNGClass.TestNGBasics" name="googleLogoTest" time="0.001"/>
  <system-out/>
  <testcase classname="NaveenTestNGClass.TestNGBasics" name="googleTitleTest" time="0.005"/>
  <system-out/>
  <testcase classname="NaveenTestNGClass.TestNGBasics" name="searchTest" time="0.006"/>
  <system-out/>
</testsuite> <!-- NaveenTestNGClass.TestNGBasics -->
