<?xml version="1.0" encoding="UTF-8"?>
<!-- Generated by org.testng.reporters.JUnitReportReporter -->
<testsuite hostname="LAPTOP-Q6ISP3ON" failures="0" tests="10" name="NaveenTestNGClass.InvocationCountTest" time="0.025" errors="0" timestamp="2022-12-13T13:27:15 CST" skipped="0">
  <testcase classname="NaveenTestNGClass.InvocationCountTest" name="sum" time="0.005"/>
  <system-out/>
  <testcase classname="NaveenTestNGClass.InvocationCountTest" name="sum" time="0.002"/>
  <system-out/>
  <testcase classname="NaveenTestNGClass.InvocationCountTest" name="sum" time="0.002"/>
  <system-out/>
  <testcase classname="NaveenTestNGClass.InvocationCountTest" name="sum" time="0.003"/>
  <system-out/>
  <testcase classname="NaveenTestNGClass.InvocationCountTest" name="sum" time="0.003"/>
  <system-out/>
  <testcase classname="NaveenTestNGClass.InvocationCountTest" name="sum" time="0.001"/>
  <system-out/>
  <testcase classname="NaveenTestNGClass.InvocationCountTest" name="sum" time="0.002"/>
  <system-out/>
  <testcase classname="NaveenTestNGClass.InvocationCountTest" name="sum" time="0.002"/>
  <system-out/>
  <testcase classname="NaveenTestNGClass.InvocationCountTest" name="sum" time="0.001"/>
  <system-out/>
  <testcase classname="NaveenTestNGClass.InvocationCountTest" name="sum" time="0.004"/>
  <system-out/>
</testsuite> <!-- NaveenTestNGClass.InvocationCountTest -->
