<?xml version="1.0" encoding="UTF-8"?>
<!-- Generated by org.testng.reporters.JUnitReportReporter -->
<testsuite hostname="LAPTOP-Q6ISP3ON" failures="0" tests="2" name="TestNg.TestNgDay1" time="0.022" errors="0" timestamp="2022-12-08T10:22:39 CST" skipped="0">
  <testcase classname="TestNg.TestNgDay1" name="Add" time="0.018"/>
  <system-out/>
  <testcase classname="TestNg.TestNgDay1" name="Hello" time="0.004"/>
  <system-out/>
</testsuite> <!-- TestNg.TestNgDay1 -->
