<?xml version="1.0" encoding="UTF-8"?>
<!-- Generated by org.testng.reporters.JUnitReportReporter -->
<testsuite hostname="LAPTOP-Q6ISP3ON" failures="0" tests="1" name="TestNg1.TestNg3" time="9.333" errors="0" timestamp="2022-12-12T11:34:45 CST" skipped="0">
  <testcase classname="TestNg1.TestNg3" name="LoginPage" time="9.333"/>
  <system-out/>
</testsuite> <!-- TestNg1.TestNg3 -->
