<?xml version="1.0" encoding="UTF-8"?>
<!-- Generated by org.testng.reporters.JUnitReportReporter -->
<testsuite hostname="LAPTOP-Q6ISP3ON" failures="0" tests="3" name="Com.TestNG.TestNGBasics" time="0.022" errors="0" timestamp="2022-12-13T11:13:46 CST" skipped="0">
  <testcase classname="Com.TestNG.TestNGBasics" name="googleLogoTest" time="0.016"/>
  <system-out/>
  <testcase classname="Com.TestNG.TestNGBasics" name="googleTitleTest" time="0.003"/>
  <system-out/>
  <testcase classname="Com.TestNG.TestNGBasics" name="searchTest" time="0.003"/>
  <system-out/>
</testsuite> <!-- Com.TestNG.TestNGBasics -->
