<?xml version="1.0" encoding="UTF-8"?>
<!-- Generated by org.testng.reporters.JUnitReportReporter -->
<testsuite hostname="LAPTOP-Q6ISP3ON" failures="0" tests="2" name="TestNg.FirstTestNg" time="0.022" errors="0" timestamp="2022-11-11T13:42:29 CST" skipped="0">
  <testcase classname="TestNg.FirstTestNg" name="Add" time="0.019"/>
  <system-out/>
  <testcase classname="TestNg.FirstTestNg" name="Hello" time="0.003"/>
  <system-out/>
</testsuite> <!-- TestNg.FirstTestNg -->
