<?xml version="1.0" encoding="UTF-8"?>
<!-- Generated by org.testng.reporters.JUnitReportReporter -->
<testsuite hostname="LAPTOP-Q6ISP3ON" failures="0" tests="1" name="TestNg.TestNgParameter" time="6.609" errors="0" timestamp="2022-12-21T18:23:15 CST" skipped="0">
  <testcase classname="TestNg.TestNgParameter" name="Login" time="6.609"/>
  <system-out/>
</testsuite> <!-- TestNg.TestNgParameter -->
