<?xml version="1.0" encoding="UTF-8"?>
<!-- Generated by org.testng.reporters.JUnitReportReporter -->
<testsuite hostname="LAPTOP-Q6ISP3ON" failures="0" tests="3" name="TestNg1.Testng2" time="0.012" errors="0" timestamp="2022-12-12T11:34:45 CST" skipped="0">
  <testcase classname="TestNg1.Testng2" name="loginTest" time="0.004"/>
  <system-out/>
  <testcase classname="TestNg1.Testng2" name="addTOCart" time="0.004"/>
  <system-out/>
  <testcase classname="TestNg1.Testng2" name="logOut" time="0.004"/>
  <system-out/>
</testsuite> <!-- TestNg1.Testng2 -->
