<?xml version="1.0" encoding="UTF-8"?>
<!-- Generated by org.testng.reporters.JUnitReportReporter -->
<testsuite hostname="LAPTOP-Q6ISP3ON" failures="0" tests="1" name="TestNg.TestNgScreenShot" time="4.123" errors="0" timestamp="2022-11-23T18:37:11 CST" skipped="0">
  <testcase classname="TestNg.TestNgScreenShot" name="Login" time="4.123"/>
  <system-out/>
</testsuite> <!-- TestNg.TestNgScreenShot -->
