<?xml version="1.0" encoding="UTF-8"?>
<!-- Generated by org.testng.reporters.JUnitReportReporter -->
<testsuite hostname="LAPTOP-Q6ISP3ON" failures="0" tests="1" name="TestNg.TestNgDay5" time="9.675" errors="0" timestamp="2022-12-08T10:23:11 CST" skipped="0">
  <testcase classname="TestNg.TestNgDay5" name="Login" time="9.675"/>
  <system-out/>
</testsuite> <!-- TestNg.TestNgDay5 -->
