<?xml version="1.0" encoding="UTF-8"?>
<!-- Generated by org.testng.reporters.JUnitReportReporter -->
<testsuite hostname="LAPTOP-Q6ISP3ON" failures="0" tests="4" name="TestNg1.TestNg1" time="0.011" errors="0" timestamp="2022-12-12T11:34:45 CST" skipped="0">
  <testcase classname="TestNg1.TestNg1" name="HomePage" time="0.005"/>
  <system-out/>
  <testcase classname="TestNg1.TestNg1" name="Hello" time="0.002"/>
  <system-out/>
  <testcase classname="TestNg1.TestNg1" name="Loging" time="0.002"/>
  <system-out/>
  <testcase classname="TestNg1.TestNg1" name="LogOut" time="0.002"/>
  <system-out/>
</testsuite> <!-- TestNg1.TestNg1 -->
