<?xml version="1.0" encoding="UTF-8"?>
<!-- Generated by org.testng.reporters.JUnitReportReporter -->
<testsuite hostname="LAPTOP-Q6ISP3ON" failures="0" tests="2" name="NaveenTestNGClass.GoogleTitleTest" time="7.503" errors="0" timestamp="2022-12-13T13:27:15 CST" skipped="0">
  <testcase classname="NaveenTestNGClass.GoogleTitleTest" name="googleLogoTest" time="3.479"/>
  <system-out/>
  <testcase classname="NaveenTestNGClass.GoogleTitleTest" name="googleTitleTest" time="4.024"/>
  <system-out/>
</testsuite> <!-- NaveenTestNGClass.GoogleTitleTest -->
