<?xml version="1.0" encoding="UTF-8"?>
<!-- Generated by org.testng.reporters.JUnitReportReporter -->
<testsuite hostname="LAPTOP-Q6ISP3ON" failures="0" tests="1" name="TestNg.TestNgDay4" time="0.234" errors="0" timestamp="2022-11-18T17:11:48 CST" skipped="0">
  <testcase classname="TestNg.TestNgDay4" name="SignIn" time="0.234"/>
  <system-out/>
</testsuite> <!-- TestNg.TestNgDay4 -->
