<?xml version="1.0" encoding="UTF-8"?>
<!-- Generated by org.testng.reporters.JUnitReportReporter -->
<testsuite hostname="LAPTOP-Q6ISP3ON" failures="0" tests="2" name="TestNg.TestNgday3" time="0.025" errors="0" timestamp="2022-11-18T17:11:39 CST" skipped="0">
  <testcase classname="TestNg.TestNgday3" name="Test2" time="0.004"/>
  <system-out/>
  <testcase classname="TestNg.TestNgday3" name="Test1" time="0.021"/>
  <system-out/>
</testsuite> <!-- TestNg.TestNgday3 -->
